--- SYSTEM: scheduler heartbeat at 2025-06-15 08:00:00.071. Active tools: 5. Queue depth: 11 ---
2025-06-15 08:00:16.700 WARN [EQP-CVD-01] ERROR: Interlock triggered — vacuum loss in loadlock. Wafer W0200 aborted.
2025-06-15 08:00:48.593 INFO [EQP-ETCH-03] Wafer W0113 loaded into chamber. Recipe=RCP-POLY-ETCH Step=POST_CLEAN
2025-06-15 08:00:42.177 DEBUG [EQP-CVD-01] Software version check: v4.2.40. Config hash=015b5c05
2025-06-15 08:00:12.936 DEBUG [EQP-ETCH-03] Metrology readout for W0113: thickness=348.5nm uniformity=97.3%
2025-06-15 08:00:05.046 ERROR [EQP-LITHO-02] Software version check: v4.4.48. Config hash=c5bb2f71
2025-06-15 08:01:30.693 ERROR [EQP-CVD-01] Software version check: v5.3.69. Config hash=70d44072
2025-06-15 08:00:14.708 WARN [EQP-LITHO-02] Wafer W0200 loaded into chamber. Recipe=RECIPE-NITRIDE-200 Step=EXPOSURE
2025-06-15 08:02:00.152 INFO [EQP-CVD-01] Step DEPOSITION completed. Duration=348s. Endpoint detected at t=449s
2025-06-15 08:02:51.040 WARN [TOOL-CMP-04] Wafer W0012 unloaded. Total process time=513s. Result=OK
2025-06-15 08:02:50.336 INFO [TOOL-CMP-04] Process started for FOUP-X012, wafer W0012. Target temp=242°C pressure=267mTorr
2025-06-15 08:00:11.588 WARN [CHAMBER-PVD-01] Step ALIGNMENT completed. Duration=239s. Endpoint detected at t=289s
2025-06-15 08:03:24.090 INFO [EQP-ETCH-03] Wafer W0012 unloaded. Total process time=1126s. Result=OK
2025-06-15 08:01:44.445 INFO [TOOL-CMP-04] Preventive maintenance reminder: 338h since last PM. Threshold=500h
2025-06-15 08:00:14.347 INFO [EQP-LITHO-02] Wafer W0045 loaded into chamber. Recipe=RCP-OX-THIN Step=POST_CLEAN
2025-06-15 08:03:30.016 WARN [EQP-CVD-01] Chamber idle. Standby gas flow: Ar=252sccm. Vacuum=2.96mTorr
2025-06-15 08:05:04.144 WARN [CHAMBER-PVD-01] ERROR: Interlock triggered — pressure spike detected. Wafer W0078 aborted.
2025-06-15 08:02:33.695 DEBUG [EQP-LITHO-02] ERROR: Interlock triggered — door open during process. Wafer W0200 aborted.
--- SYSTEM: scheduler heartbeat at 2025-06-15 08:01:30.437. Active tools: 2. Queue depth: 12 ---
2025-06-15 08:01:16.149 ERROR [TOOL-CMP-04] Step EXPOSURE completed. Duration=40s. Endpoint detected at t=327s
2025-06-15 08:06:00.400 INFO [EQP-ETCH-03] Particle count on W0113: 115 (limit=100). PASS
2025-06-15 08:04:33.124 INFO [EQP-CVD-01] Wafer W0200 loaded into chamber. Recipe=RCP-POLY-ETCH Step=INSPECTION
2025-06-15 08:02:56.321 WARN [TOOL-CMP-04] Wafer W0113 unloaded. Total process time=604s. Result=OK
2025-06-15 08:06:31.209 ERROR [EQP-CVD-01] Process started for LOT-B3019, wafer W0078. Target temp=770°C pressure=358mTorr
--- SYSTEM: scheduler heartbeat at 2025-06-15 08:10:48.177. Active tools: 1. Queue depth: 1 ---
2025-06-15 08:09:35.563 WARN [TOOL-CMP-04] Process started for LOT-B3019, wafer W0078. Target temp=259°C pressure=494mTorr
2025-06-15 08:00:52.459 DEBUG [EQP-LITHO-02] Wafer W0078 unloaded. Total process time=716s. Result=OK
2025-06-15 08:11:15.106 WARN [TOOL-CMP-04] Wafer W0012 unloaded. Total process time=1174s. Result=FAIL defect_count=36
2025-06-15 08:03:44.802 DEBUG [EQP-LITHO-02] Wafer W0012 unloaded. Total process time=1453s. Result=OK
2025-06-15 08:02:25.434 ERROR [EQP-LITHO-02] Wafer W0113 unloaded. Total process time=298s. Result=FAIL defect_count=33
2025-06-15 08:07:00.768 INFO [TOOL-CMP-04] Gas flow established: O2=498sccm. Stability check PASSED.
--- SYSTEM: scheduler heartbeat at 2025-06-15 08:06:43.869. Active tools: 5. Queue depth: 5 ---
2025-06-15 08:03:12.309 ERROR [EQP-ETCH-03] Wafer W0200 loaded into chamber. Recipe=RCP-METAL-DEP Step=POST_CLEAN
2025-06-15 08:15:57.132 INFO [TOOL-CMP-04] Wafer W0045 unloaded. Total process time=1415s. Result=FAIL defect_count=6
2025-06-15 08:15:18.116 INFO [TOOL-CMP-04] Wafer W0045 unloaded. Total process time=480s. Result=FAIL defect_count=41
2025-06-15 08:09:20.081 WARN [CHAMBER-PVD-01] ERROR: Interlock triggered — door open during process. Wafer W0045 aborted.
2025-06-15 08:15:00.855 INFO [EQP-LITHO-02] Preventive maintenance reminder: 195h since last PM. Threshold=500h
2025-06-15 08:09:52.178 INFO [EQP-ETCH-03] Step DEPOSITION completed. Duration=591s. Endpoint detected at t=263s
2025-06-15 08:08:52.978 WARN [EQP-CVD-01] Metrology readout for W0113: thickness=109.1nm uniformity=92.4%
2025-06-15 08:15:36.971 ERROR [EQP-ETCH-03] Preventive maintenance reminder: 512h since last PM. Threshold=500h
2025-06-15 08:06:00.815 WARN [CHAMBER-PVD-01] ERROR: Interlock triggered — RF reflected power exceeded limit. Wafer W0078 aborted.
2025-06-15 08:17:05.523 WARN [EQP-LITHO-02] Lot LOT-B3019 started. Wafers in cassette: 2. Priority=normal
2025-06-15 08:07:42.002 DEBUG [EQP-CVD-01] Preventive maintenance reminder: 305h since last PM. Threshold=500h
2025-06-15 08:10:02.980 WARN [EQP-ETCH-03] Wafer W0012 unloaded. Total process time=275s. Result=FAIL defect_count=24
2025-06-15 08:12:28.267 ERROR [EQP-ETCH-03] Wafer W0045 unloaded. Total process time=1666s. Result=OK
2025-06-15 08:09:45.803 ERROR [TOOL-CMP-04] Wafer W0045 loaded into chamber. Recipe=RCP-OX-THIN Step=ETCH
2025-06-15 08:23:00.333 ERROR [CHAMBER-PVD-01] Software version check: v5.6.53. Config hash=7b0b7405
2025-06-15 08:02:21.566 DEBUG [EQP-CVD-01] Wafer W0078 loaded into chamber. Recipe=RECIPE-NITRIDE-200 Step=POST_CLEAN
2025-06-15 08:00:48.588 DEBUG [EQP-CVD-01] Wafer W0045 unloaded. Total process time=299s. Result=OK
2025-06-15 08:10:37.597 WARN [EQP-ETCH-03] Wafer W0012 loaded into chamber. Recipe=RECIPE-NITRIDE-200 Step=DEPOSITION
